<?xml version="1.0" encoding="UTF-8"?>
<!-- Generated by org.testng.reporters.JUnitXMLReporter -->
<testsuite ignored="0" hostname="IND-CHN-LT12568" failures="0" tests="3" name="Surefire test" time="11.163" errors="0" timestamp="2024-03-13T16:38:05 IST">
  <testcase classname="testCases.TestCasesForUser" name="userCreationTest" time="4.886"/>
  <testcase classname="testCases.TestCasesForUser" name="getUserDetailsTest" time="2.632"/>
  <testcase classname="testCases.TestCasesForUser" name="updateUserDetailsTest" time="3.223"/>
</testsuite> <!-- Surefire test -->
