<?xml version="1.0" encoding="UTF-8"?>
<!-- Generated by org.testng.reporters.JUnitXMLReporter -->
<testsuite ignored="0" hostname="IND-CHN-LT12568" failures="0" tests="3" name="Default test" time="11.622" errors="0" timestamp="2024-03-12T22:05:19 IST">
  <testcase classname="testCases.TestCasesForUser" name="userCreationTest" time="4.45"/>
  <testcase classname="testCases.TestCasesForUser" name="getUserDetailsTest" time="2.771"/>
  <testcase classname="testCases.TestCasesForUser" name="updateUserDetailsTest" time="4.146"/>
</testsuite> <!-- Default test -->
