<?xml version="1.0" encoding="UTF-8"?>
<!-- Generated by org.testng.reporters.JUnitXMLReporter -->
<testsuite ignored="0" hostname="IND-CHN-LT12568" failures="0" tests="3" name="Testng" time="8.63" errors="0" timestamp="2024-03-13T12:21:43 IST">
  <testcase classname="testCases.TestCasesForUser" name="userCreationTest" time="3.214"/>
  <testcase classname="testCases.TestCasesForUser" name="getUserDetailsTest" time="2.049"/>
  <testcase classname="testCases.TestCasesForUser" name="updateUserDetailsTest" time="2.866"/>
</testsuite> <!-- Testng -->
