<?xml version="1.0" encoding="UTF-8"?>
<testng-results ignored="0" total="3" passed="3" failed="0" skipped="0">
  <reporter-output>
  </reporter-output>
  <suite started-at="2024-03-13T20:51:14 IST" name="Suite" finished-at="2024-03-13T20:51:26 IST" duration-ms="11275">
    <groups>
    </groups>
    <test started-at="2024-03-13T20:51:14 IST" name="Testng" finished-at="2024-03-13T20:51:26 IST" duration-ms="11275">
      <class name="testCases.TestCasesForUser">
        <test-method is-config="true" signature="dataSetUp()[pri:0, instance:testCases.TestCasesForUser@c33b74f]" started-at="2024-03-13T20:51:15 IST" name="dataSetUp" finished-at="2024-03-13T20:51:15 IST" duration-ms="500" status="PASS">
          <reporter-output>
          </reporter-output>
        </test-method> <!-- dataSetUp -->
        <test-method signature="userCreationTest()[pri:0, instance:testCases.TestCasesForUser@c33b74f]" started-at="2024-03-13T20:51:15 IST" name="userCreationTest" finished-at="2024-03-13T20:51:20 IST" duration-ms="4843" status="PASS">
          <reporter-output>
          </reporter-output>
        </test-method> <!-- userCreationTest -->
        <test-method signature="getUserDetailsTest()[pri:1, instance:testCases.TestCasesForUser@c33b74f]" started-at="2024-03-13T20:51:20 IST" name="getUserDetailsTest" finished-at="2024-03-13T20:51:23 IST" duration-ms="2467" status="PASS">
          <reporter-output>
          </reporter-output>
        </test-method> <!-- getUserDetailsTest -->
        <test-method signature="updateUserDetailsTest()[pri:2, instance:testCases.TestCasesForUser@c33b74f]" started-at="2024-03-13T20:51:23 IST" name="updateUserDetailsTest" finished-at="2024-03-13T20:51:26 IST" duration-ms="2926" status="PASS">
          <reporter-output>
          </reporter-output>
        </test-method> <!-- updateUserDetailsTest -->
      </class> <!-- testCases.TestCasesForUser -->
    </test> <!-- Testng -->
  </suite> <!-- Suite -->
</testng-results>
