<?xml version="1.0" encoding="UTF-8"?>
<testng-results ignored="0" total="3" passed="3" failed="0" skipped="0">
  <reporter-output>
  </reporter-output>
  <suite started-at="2024-03-13T12:21:35 IST" name="Suite" finished-at="2024-03-13T12:21:43 IST" duration-ms="8630">
    <groups>
    </groups>
    <test started-at="2024-03-13T12:21:35 IST" name="Testng" finished-at="2024-03-13T12:21:43 IST" duration-ms="8630">
      <class name="testCases.TestCasesForUser">
        <test-method is-config="true" signature="dataSetUp()[pri:0, instance:testCases.TestCasesForUser@4d5d943d]" started-at="2024-03-13T12:21:35 IST" name="dataSetUp" finished-at="2024-03-13T12:21:35 IST" duration-ms="199" status="PASS">
          <reporter-output>
          </reporter-output>
        </test-method> <!-- dataSetUp -->
        <test-method signature="userCreationTest()[pri:0, instance:testCases.TestCasesForUser@4d5d943d]" started-at="2024-03-13T12:21:35 IST" name="userCreationTest" finished-at="2024-03-13T12:21:38 IST" duration-ms="3214" status="PASS">
          <reporter-output>
          </reporter-output>
        </test-method> <!-- userCreationTest -->
        <test-method signature="getUserDetailsTest()[pri:1, instance:testCases.TestCasesForUser@4d5d943d]" started-at="2024-03-13T12:21:38 IST" name="getUserDetailsTest" finished-at="2024-03-13T12:21:40 IST" duration-ms="2049" status="PASS">
          <reporter-output>
          </reporter-output>
        </test-method> <!-- getUserDetailsTest -->
        <test-method signature="updateUserDetailsTest()[pri:2, instance:testCases.TestCasesForUser@4d5d943d]" started-at="2024-03-13T12:21:40 IST" name="updateUserDetailsTest" finished-at="2024-03-13T12:21:43 IST" duration-ms="2866" status="PASS">
          <reporter-output>
          </reporter-output>
        </test-method> <!-- updateUserDetailsTest -->
      </class> <!-- testCases.TestCasesForUser -->
    </test> <!-- Testng -->
  </suite> <!-- Suite -->
</testng-results>
